<?xml version="1.0" encoding="UTF-8"?>
<!-- Generated by org.testng.reporters.JUnitReportReporter -->
<testsuite hostname="Sourav-Kumar" failures="0" tests="1" name="com.mystore.testcases.TC_02_VerifyLogin" time="27.883" errors="0" timestamp="2022-09-06T09:17:41 IST" skipped="0">
  <testcase classname="com.mystore.testcases.TC_02_VerifyLogin" name="verifyLogin" time="27.883"/>
  <system-out/>
</testsuite> <!-- com.mystore.testcases.TC_02_VerifyLogin -->
