<?xml version="1.0" encoding="UTF-8"?>
<!-- Generated by org.testng.reporters.JUnitReportReporter -->
<testsuite hostname="Sourav-Kumar" failures="0" tests="1" name="com.mystore.utilities.TC_MyAccountPageTest" time="10.003" errors="0" timestamp="2022-08-21T19:11:48 IST" skipped="0">
  <testcase classname="com.mystore.utilities.TC_MyAccountPageTest" name="verifyRegisterationLogin" time="10.003"/>
  <system-out/>
</testsuite> <!-- com.mystore.utilities.TC_MyAccountPageTest -->
