<?xml version="1.0" encoding="UTF-8"?>
<!-- Generated by org.testng.reporters.JUnitReportReporter -->
<testsuite hostname="Sourav-Kumar" failures="0" tests="1" name="com.mystore.testcases.TC_03_SearchProduct" time="29.812" errors="0" timestamp="2022-09-06T09:17:41 IST" skipped="0">
  <testcase classname="com.mystore.testcases.TC_03_SearchProduct" name="searchProduct" time="29.812"/>
  <system-out/>
</testsuite> <!-- com.mystore.testcases.TC_03_SearchProduct -->
