<?xml version="1.0" encoding="UTF-8"?>
<!-- Generated by org.testng.reporters.JUnitReportReporter -->
<testsuite hostname="Sourav-Kumar" failures="0" tests="1" name="com.mystore.testcases.TC_05_LogOut" time="28.466" errors="0" timestamp="2022-09-06T09:17:41 IST" skipped="0">
  <testcase classname="com.mystore.testcases.TC_05_LogOut" name="LogOut" time="28.466"/>
  <system-out/>
</testsuite> <!-- com.mystore.testcases.TC_05_LogOut -->
